[2024-03-04 07:46:55.753] Starting Git Graph ...
[2024-03-04 07:46:56.491] Using git (version: 2.43.0)
[2024-03-04 07:46:56.515] Started Git Graph - Ready to use!
[2024-03-04 07:46:56.521] Searching workspace for new repos ...
[2024-03-04 07:46:56.552] > git rev-parse --show-toplevel
[2024-03-04 07:46:56.584] Completed searching workspace for new repos
[2024-03-04 07:46:58.774] Successfully set Visual Studio Code Context "git-graph:codiconsSupported" to "true"
[2024-03-04 07:46:59.620] > git rev-parse --show-toplevel
[2024-03-04 07:46:59.698] > git rev-parse --show-toplevel
[2024-03-04 07:46:59.764] > git rev-parse --show-toplevel
[2024-03-04 07:46:59.820] > git rev-parse --show-toplevel
[2024-03-04 07:46:59.854] > git rev-parse --show-toplevel
[2024-03-04 07:46:59.914] > git rev-parse --show-toplevel
[2024-03-04 07:46:59.955] > git rev-parse --show-toplevel
[2024-03-04 07:46:59.992] > git rev-parse --show-toplevel
[2024-03-04 07:47:00.032] > git rev-parse --show-toplevel
[2024-03-04 07:47:00.059] > git rev-parse --show-toplevel
[2024-03-04 07:47:00.113] > git rev-parse --show-toplevel
[2024-03-04 07:47:00.139] > git rev-parse --show-toplevel
[2024-03-04 07:47:00.159] > git rev-parse --show-toplevel
[2024-03-04 07:47:00.211] > git rev-parse --show-toplevel
[2024-03-04 07:47:00.264] > git rev-parse --show-toplevel
[2024-03-04 07:47:00.335] > git rev-parse --show-toplevel
[2024-03-04 07:47:00.352] > git rev-parse --show-toplevel
[2024-03-04 07:47:00.369] > git rev-parse --show-toplevel
[2024-03-04 07:47:00.386] > git rev-parse --show-toplevel
[2024-03-04 07:47:00.404] > git rev-parse --show-toplevel
[2024-03-04 07:47:00.429] > git rev-parse --show-toplevel
[2024-03-04 07:47:00.449] > git rev-parse --show-toplevel
[2024-03-04 07:47:00.465] > git rev-parse --show-toplevel
[2024-03-04 07:47:00.479] > git rev-parse --show-toplevel
[2024-03-04 07:47:00.494] > git rev-parse --show-toplevel
[2024-03-04 07:47:00.514] > git rev-parse --show-toplevel
[2024-03-04 07:47:00.611] > git rev-parse --show-toplevel
[2024-03-04 07:47:00.697] > git rev-parse --show-toplevel
[2024-03-04 07:47:00.791] > git rev-parse --show-toplevel
[2024-03-04 07:47:00.819] > git rev-parse --show-toplevel
[2024-03-04 07:47:00.845] > git rev-parse --show-toplevel
[2024-03-04 07:47:00.887] > git rev-parse --show-toplevel
[2024-03-04 07:47:05.373] > git rev-parse --show-toplevel
[2024-03-04 07:47:05.630] > git rev-parse --show-toplevel
[2024-03-04 07:47:16.374] > git rev-parse --show-toplevel
[2024-03-04 07:47:16.417] > git rev-parse --show-toplevel
[2024-03-04 07:47:16.458] > git rev-parse --show-toplevel
[2024-03-04 07:47:16.501] > git rev-parse --show-toplevel
[2024-03-04 07:47:16.548] > git rev-parse --show-toplevel
[2024-03-04 07:47:16.720] > git rev-parse --show-toplevel
[2024-03-04 07:47:16.779] > git rev-parse --show-toplevel
[2024-03-04 07:47:16.833] > git rev-parse --show-toplevel
[2024-03-04 07:47:16.876] > git rev-parse --show-toplevel
[2024-03-04 07:47:16.928] > git rev-parse --show-toplevel
[2024-03-04 07:47:17.034] > git rev-parse --show-toplevel
[2024-03-04 07:47:17.089] > git rev-parse --show-toplevel
[2024-03-04 07:47:17.235] > git rev-parse --show-toplevel
[2024-03-04 07:47:18.476] > git rev-parse --show-toplevel
[2024-03-04 07:47:18.557] > git rev-parse --show-toplevel
[2024-03-04 07:47:18.672] > git rev-parse --show-toplevel
[2024-03-04 07:56:13.384] > git rev-parse --show-toplevel
[2024-03-04 07:57:35.443] > git rev-parse --show-toplevel
[2024-03-04 07:57:35.471] > git rev-parse --show-toplevel
[2024-03-04 08:01:42.952] > git rev-parse --show-toplevel
[2024-03-04 08:01:42.993] > git rev-parse --show-toplevel
[2024-03-04 08:01:43.032] > git rev-parse --show-toplevel
[2024-03-04 08:02:14.595] > git rev-parse --show-toplevel
[2024-03-04 08:02:14.627] > git rev-parse --show-toplevel
