2024-03-04 08:03:09.332 [info] Reading sessions from keychain...
2024-03-04 08:03:09.332 [info] Getting sessions for all scopes...
2024-03-04 08:03:09.332 [info] Getting sessions for user:email...
2024-03-04 08:03:09.332 [info] Getting sessions for all scopes...
2024-03-04 08:03:09.332 [info] Got stored sessions!
2024-03-04 08:03:09.332 [info] Got 6 verified sessions.
2024-03-04 08:03:09.332 [info] Got 6 sessions for ...
2024-03-04 08:03:09.332 [info] Got 1 sessions for user:email...
2024-03-04 08:03:09.332 [info] Got 6 sessions for ...
2024-03-04 08:03:11.049 [info] Getting sessions for codespace,read:user,repo,user:email...
2024-03-04 08:03:11.049 [info] Got 1 sessions for codespace,read:user,repo,user:email...
2024-03-04 08:03:11.051 [info] Getting sessions for all scopes...
2024-03-04 08:03:11.051 [info] Got 6 sessions for ...
2024-03-04 08:03:12.639 [info] Getting sessions for all scopes...
2024-03-04 08:03:12.640 [info] Got 6 sessions for ...
2024-03-04 08:03:13.574 [info] Getting sessions for all scopes...
2024-03-04 08:03:13.575 [info] Got 6 sessions for ...
2024-03-04 08:03:15.483 [info] Getting sessions for all scopes...
2024-03-04 08:03:15.483 [info] Got 6 sessions for ...
2024-03-04 08:03:15.852 [info] Getting sessions for read:user,repo,user:email,workflow...
2024-03-04 08:03:15.853 [info] Getting sessions for all scopes...
2024-03-04 08:03:15.853 [info] Got 1 sessions for read:user,repo,user:email,workflow...
2024-03-04 08:03:15.853 [info] Got 6 sessions for ...
2024-03-04 08:03:15.964 [info] Getting sessions for all scopes...
2024-03-04 08:03:15.964 [info] Got 6 sessions for ...
2024-03-04 08:03:17.167 [info] Getting sessions for project,read:org,read:user,repo,user:email,workflow...
2024-03-04 08:03:17.168 [info] Got 0 sessions for project,read:org,read:user,repo,user:email,workflow...
2024-03-04 08:03:17.532 [info] Getting sessions for user:email...
2024-03-04 08:03:17.532 [info] Got 1 sessions for user:email...
2024-03-04 08:03:17.892 [info] Getting sessions for read:user,repo,user:email,workflow...
2024-03-04 08:03:17.893 [info] Got 1 sessions for read:user,repo,user:email,workflow...
2024-03-04 08:03:18.849 [info] Getting sessions for user:email...
2024-03-04 08:03:18.849 [info] Got 1 sessions for user:email...
2024-03-04 08:03:19.286 [info] Getting sessions for user:email...
2024-03-04 08:03:19.286 [info] Got 1 sessions for user:email...
2024-03-04 08:03:19.949 [info] Getting sessions for read:user,repo,user:email,workflow...
2024-03-04 08:03:19.949 [info] Got 1 sessions for read:user,repo,user:email,workflow...
2024-03-04 08:29:53.412 [info] Getting sessions for read:user,repo,user:email,workflow...
2024-03-04 08:29:53.412 [info] Getting sessions for user:email...
2024-03-04 08:29:53.412 [info] Got 1 sessions for read:user,repo,user:email,workflow...
2024-03-04 08:29:53.413 [info] Got 1 sessions for user:email...
2024-03-04 08:32:53.420 [info] Getting sessions for user:email...
2024-03-04 08:32:53.420 [info] Got 1 sessions for user:email...
2024-03-04 09:04:03.533 [info] Getting sessions for read:user,repo,user:email,workflow...
2024-03-04 09:04:03.533 [info] Getting sessions for user:email...
2024-03-04 09:04:03.533 [info] Got 1 sessions for read:user,repo,user:email,workflow...
2024-03-04 09:04:03.533 [info] Got 1 sessions for user:email...
2024-03-04 09:04:04.451 [info] Getting sessions for user:email...
2024-03-04 09:04:04.451 [info] Got 1 sessions for user:email...
