2024-03-04 07:47:07.618 [warning] /home/vscode/.ssh/config: ENOENT: no such file or directory, open '/home/vscode/.ssh/config'
2024-03-04 07:47:07.618 [info] Activation> Extension version: 0.78.1
2024-03-04 07:47:12.861 [info] Looking for git repository
2024-03-04 07:47:12.861 [info] Found 0 repositories during activation
2024-03-04 07:47:12.861 [info] Git repository found, initializing review manager and pr tree view.
2024-03-04 07:47:12.868 [info] Registering git provider
2024-03-04 07:47:12.868 [info] Review+0> Validate state in progress
2024-03-04 07:47:12.868 [info] Review+0> Validating state...
2024-03-04 07:47:12.868 [info] Review+1> Validate state in progress
2024-03-04 07:47:12.868 [info] Review+1> Validating state...
2024-03-04 07:47:12.868 [info] Review+2> Validate state in progress
2024-03-04 07:47:12.868 [info] Review+2> Validating state...
2024-03-04 07:47:12.868 [warning] No remotes found. The following remotes are missing: origin, upstream
2024-03-04 07:47:12.868 [info] No GitHub remotes found for folder /home/vscode/environment
2024-03-04 07:47:13.212 [info] Found GitHub remote for folder /home/vscode/.oh-my-zsh
2024-03-04 07:47:13.213 [info] Found GitHub remote for folder /home/vscode/.nodenv
2024-03-04 07:47:13.299 [info] Repo state for file:///home/vscode/.oh-my-zsh changed.
2024-03-04 07:47:13.299 [info] Repo file:///home/vscode/.oh-my-zsh has already been setup.
2024-03-04 07:47:14.152 [info] Review+0> Queuing additional validate state
2024-03-04 07:47:14.152 [info] Repo state for file:///home/vscode/environment changed.
2024-03-04 07:47:14.152 [info] Repo file:///home/vscode/environment has already been setup.
2024-03-04 07:47:14.156 [info] Repo state for file:///home/vscode/.nodenv changed.
2024-03-04 07:47:14.156 [info] Repo file:///home/vscode/.nodenv has already been setup.
2024-03-04 07:47:14.531 [info] Review+0> Validating state...
2024-03-04 07:47:14.531 [warning] No remotes found. The following remotes are missing: origin, upstream
2024-03-04 07:47:14.531 [info] No GitHub remotes found for folder /home/vscode/environment
2024-03-04 07:47:14.976 [info] Review+0> No matching pull request metadata found locally for current branch main
2024-03-04 07:47:14.983 [info] Trying to use globalState for assignableUsers.
2024-03-04 07:47:15.227 [info] Trying to use globalState for assignableUsers.
2024-03-04 07:47:15.321 [info] Review+2> No matching pull request metadata found locally for current branch master
2024-03-04 07:47:15.375 [info] Review+0> Failed to get upstream for branch main from git config.
2024-03-04 07:47:15.376 [info] Review+0> No matching pull request metadata found on GitHub for current branch main
2024-03-04 07:47:15.560 [info] Review+1> No matching pull request metadata found locally for current branch master
2024-03-04 07:47:16.116 [info] GlobalState does not exist for assignableUsers.
2024-03-04 07:47:16.150 [info] GlobalState does not exist for assignableUsers.
2024-03-04 07:47:17.178 [info] Review+1> No matching pull request metadata found on GitHub for current branch master
2024-03-04 07:47:17.287 [info] Review+2> No matching pull request metadata found on GitHub for current branch master
