2024-03-04 07:47:00.621 [info] Reading sessions from keychain...
2024-03-04 07:47:00.621 [info] Getting sessions for all scopes...
2024-03-04 07:47:00.622 [info] Getting sessions for user:email...
2024-03-04 07:47:00.622 [info] Getting sessions for all scopes...
2024-03-04 07:47:00.622 [info] Got stored sessions!
2024-03-04 07:47:00.622 [info] Got 6 verified sessions.
2024-03-04 07:47:00.622 [info] Got 6 sessions for ...
2024-03-04 07:47:00.622 [info] Got 1 sessions for user:email...
2024-03-04 07:47:00.623 [info] Got 6 sessions for ...
2024-03-04 07:47:00.738 [info] Getting sessions for codespace,read:user,repo,user:email...
2024-03-04 07:47:00.739 [info] Getting sessions for all scopes...
2024-03-04 07:47:00.739 [info] Got 1 sessions for codespace,read:user,repo,user:email...
2024-03-04 07:47:00.739 [info] Got 6 sessions for ...
2024-03-04 07:47:00.889 [info] Getting sessions for all scopes...
2024-03-04 07:47:00.889 [info] Got 6 sessions for ...
2024-03-04 07:47:05.226 [info] Getting sessions for all scopes...
2024-03-04 07:47:05.230 [info] Got 6 sessions for ...
2024-03-04 07:47:05.447 [info] Getting sessions for all scopes...
2024-03-04 07:47:05.447 [info] Got 6 sessions for ...
2024-03-04 07:47:05.851 [info] Getting sessions for all scopes...
2024-03-04 07:47:05.852 [info] Got 6 sessions for ...
2024-03-04 07:47:06.150 [info] Getting sessions for all scopes...
2024-03-04 07:47:06.150 [info] Got 6 sessions for ...
2024-03-04 07:47:07.470 [info] Getting sessions for project,read:org,read:user,repo,user:email,workflow...
2024-03-04 07:47:07.470 [info] Got 0 sessions for project,read:org,read:user,repo,user:email,workflow...
2024-03-04 07:47:07.746 [info] Getting sessions for read:user,repo,user:email,workflow...
2024-03-04 07:47:07.746 [info] Got 1 sessions for read:user,repo,user:email,workflow...
2024-03-04 07:47:10.355 [info] Getting sessions for read:user,repo,user:email,workflow...
2024-03-04 07:47:10.356 [info] Getting sessions for user:email...
2024-03-04 07:47:10.358 [info] Got 1 sessions for read:user,repo,user:email,workflow...
2024-03-04 07:47:10.358 [info] Got 1 sessions for user:email...
2024-03-04 07:47:13.168 [info] Getting sessions for read:user,repo,user:email,workflow...
2024-03-04 07:47:13.169 [info] Got 1 sessions for read:user,repo,user:email,workflow...
2024-03-04 07:47:15.558 [info] Getting sessions for user:email...
2024-03-04 07:47:15.558 [info] Got 1 sessions for user:email...
2024-03-04 07:47:16.460 [info] Getting sessions for user:email...
2024-03-04 07:47:16.460 [info] Got 1 sessions for user:email...
2024-03-04 07:47:17.099 [info] Getting sessions for read:user,repo,user:email,workflow...
2024-03-04 07:47:17.099 [info] Got 1 sessions for read:user,repo,user:email,workflow...
